{
  "RSpec": {
    "coverage": {
      "/Users/hughcavanagh/Documents/Coding/Group Projects/monarchmakersbnb/app.rb": {
        "lines": [
          null,
          null,
          1,
          null,
          1,
          1,
          0,
          null,
          null,
          null,
          1,
          null
        ]
      },
      "/Users/hughcavanagh/Documents/Coding/Group Projects/monarchmakersbnb/spec/units/listing_spec.rb": {
        "lines": [
          1,
          null,
          1,
          null,
          1,
          1,
          1,
          null,
          1,
          1,
          1,
          1,
          null,
          null,
          1,
          1,
          1,
          null,
          1,
          1,
          1,
          1,
          null,
          null,
          null,
          1,
          1,
          1,
          1,
          1,
          null,
          1,
          1,
          1,
          1,
          1,
          1,
          null,
          null,
          null,
          null,
          null,
          null
        ]
      },
      "/Users/hughcavanagh/Documents/Coding/Group Projects/monarchmakersbnb/lib/listing.rb": {
        "lines": [
          1,
          null,
          1,
          null,
          1,
          null,
          1,
          6,
          6,
          6,
          6,
          null,
          null,
          1,
          4,
          null,
          null,
          null,
          4,
          null,
          null,
          null,
          null,
          null,
          1,
          1,
          3,
          null,
          null,
          null,
          null,
          null,
          null
        ]
      },
      "/Users/hughcavanagh/Documents/Coding/Group Projects/monarchmakersbnb/lib/database_connection.rb": {
        "lines": [
          1,
          null,
          1,
          null,
          null,
          null,
          null,
          1,
          5,
          5,
          5,
          null,
          0,
          0,
          null,
          null,
          null
        ]
      }
    },
    "timestamp": 1612196567
  }
}
